 1.000000E+01 3.512672E-08
 1.019184E+01 3.499462E-08
 1.038736E+01 3.485440E-08
 1.058663E+01 3.470654E-08
 1.078972E+01 3.455276E-08
 1.099671E+01 3.439169E-08
 1.120767E+01 3.422700E-08
 1.142268E+01 3.405494E-08
 1.164181E+01 3.388074E-08
 1.186515E+01 3.369904E-08
 1.209277E+01 3.351578E-08
 1.232476E+01 3.332511E-08
 1.256119E+01 3.313229E-08
 1.280217E+01 3.293259E-08
 1.304776E+01 3.272906E-08
 1.329807E+01 3.252023E-08
 1.355318E+01 3.230565E-08
 1.381318E+01 3.208795E-08
 1.407817E+01 3.186277E-08
 1.434825E+01 3.163683E-08
 1.462351E+01 3.140265E-08
 1.490404E+01 3.116949E-08
 1.518996E+01 3.092784E-08
 1.548136E+01 3.068816E-08
 1.577836E+01 3.044018E-08
 1.608105E+01 3.019268E-08
 1.638955E+01 2.993867E-08
 1.670396E+01 2.968143E-08
 1.702441E+01 2.941952E-08
 1.735101E+01 2.915114E-08
 1.768387E+01 2.887873E-08
 1.802311E+01 2.859856E-08
 1.836887E+01 2.831426E-08
 1.872126E+01 2.802299E-08
 1.908040E+01 2.772770E-08
 1.944644E+01 2.742736E-08
 1.981950E+01 2.712422E-08
 2.019972E+01 2.681779E-08
 2.058723E+01 2.650961E-08
 2.098217E+01 2.619955E-08
 2.138469E+01 2.588805E-08
 2.179493E+01 2.557625E-08
 2.221305E+01 2.526372E-08
 2.263918E+01 2.495127E-08
 2.307349E+01 2.463942E-08
 2.351613E+01 2.432716E-08
 2.396726E+01 2.401580E-08
 2.442705E+01 2.370390E-08
 2.489566E+01 2.339203E-08
 2.537325E+01 2.307866E-08
 2.586001E+01 2.276432E-08
 2.635611E+01 2.244790E-08
 2.686173E+01 2.212910E-08
 2.737704E+01 2.180891E-08
 2.790224E+01 2.148550E-08
 2.843751E+01 2.116181E-08
 2.898306E+01 2.083549E-08
 2.953907E+01 2.051110E-08
 3.010574E+01 2.018494E-08
 3.068329E+01 1.986259E-08
 3.127192E+01 1.954008E-08
 3.187184E+01 1.922177E-08
 3.248326E+01 1.890514E-08
 3.310642E+01 1.859218E-08
 3.374153E+01 1.828193E-08
 3.438883E+01 1.797417E-08
 3.504854E+01 1.766939E-08
 3.572091E+01 1.736612E-08
 3.640618E+01 1.706504E-08
 3.710459E+01 1.676529E-08
 3.781641E+01 1.646765E-08
 3.854187E+01 1.617071E-08
 3.928126E+01 1.587710E-08
 4.003483E+01 1.558332E-08
 4.080285E+01 1.529370E-08
 4.158561E+01 1.500463E-08
 4.238339E+01 1.471919E-08
 4.319647E+01 1.443672E-08
 4.402515E+01 1.415706E-08
 4.486973E+01 1.388223E-08
 4.573051E+01 1.361063E-08
 4.660780E+01 1.334395E-08
 4.750192E+01 1.308149E-08
 4.841319E+01 1.282260E-08
 4.934195E+01 1.256874E-08
 5.028852E+01 1.231705E-08
 5.125325E+01 1.206948E-08
 5.223649E+01 1.182383E-08
 5.323860E+01 1.158118E-08
 5.425992E+01 1.134068E-08
 5.530084E+01 1.110358E-08
 5.636173E+01 1.086901E-08
 5.744297E+01 1.063869E-08
 5.854495E+01 1.041202E-08
 5.966808E+01 1.019011E-08
 6.081275E+01 9.972363E-09
 6.197938E+01 9.759032E-09
 6.316839E+01 9.549720E-09
 6.438020E+01 9.343968E-09
 6.561527E+01 9.141880E-09
 6.687403E+01 8.942209E-09
 6.815694E+01 8.745801E-09
 6.946446E+01 8.551649E-09
 7.079706E+01 8.360863E-09
 7.215523E+01 8.172637E-09
 7.353945E+01 7.987988E-09
 7.495023E+01 7.806913E-09
 7.638807E+01 7.628873E-09
 7.785349E+01 7.455169E-09
 7.934703E+01 7.283993E-09
 8.086922E+01 7.116926E-09
 8.242061E+01 6.952277E-09
 8.400176E+01 6.791068E-09
 8.561325E+01 6.631933E-09
 8.725565E+01 6.475606E-09
 8.892956E+01 6.321252E-09
 9.063558E+01 6.170125E-09
 9.237432E+01 6.020869E-09
 9.414643E+01 5.875669E-09
 9.595253E+01 5.732435E-09
 9.779328E+01 5.593199E-09
 9.966934E+01 5.455588E-09
 1.015814E+02 5.322133E-09
 1.035301E+02 5.189371E-09
 1.055162E+02 5.060665E-09
 1.075405E+02 4.932553E-09
 1.096035E+02 4.808193E-09
 1.117061E+02 4.684930E-09
 1.138491E+02 4.565445E-09
 1.160332E+02 4.447291E-09
 1.182591E+02 4.333392E-09
 1.205278E+02 4.220004E-09
 1.228400E+02 4.111251E-09
 1.251966E+02 4.002707E-09
 1.275983E+02 3.897785E-09
 1.300462E+02 3.794514E-09
 1.325410E+02 3.693444E-09
 1.350836E+02 3.595007E-09
 1.376751E+02 3.498503E-09
 1.403162E+02 3.404479E-09
 1.430081E+02 3.313143E-09
 1.457515E+02 3.223317E-09
 1.485476E+02 3.136679E-09
 1.513973E+02 3.051296E-09
 1.543017E+02 2.968327E-09
 1.572618E+02 2.887452E-09
 1.602788E+02 2.808281E-09
 1.633535E+02 2.731847E-09
 1.664873E+02 2.656910E-09
 1.696812E+02 2.584559E-09
 1.729363E+02 2.513818E-09
 1.762539E+02 2.445089E-09
 1.796352E+02 2.378170E-09
 1.830813E+02 2.313089E-09
 1.865935E+02 2.249613E-09
 1.901731E+02 2.188363E-09
 1.938214E+02 2.128427E-09
 1.975396E+02 2.070808E-09
 2.013292E+02 2.014057E-09
 2.051915E+02 1.959732E-09
 2.091279E+02 1.906079E-09
 2.131398E+02 1.854646E-09
 2.172287E+02 1.804133E-09
 2.213960E+02 1.755608E-09
 2.256432E+02 1.708032E-09
 2.299720E+02 1.662139E-09
 2.343837E+02 1.617251E-09
 2.388801E+02 1.573913E-09
 2.434628E+02 1.531514E-09
 2.481334E+02 1.490625E-09
 2.528935E+02 1.450514E-09
 2.577450E+02 1.411995E-09
 2.626896E+02 1.374132E-09
 2.677290E+02 1.337712E-09
 2.728651E+02 1.302033E-09
 2.780998E+02 1.267474E-09
 2.834348E+02 1.233834E-09
 2.888722E+02 1.201265E-09
 2.944139E+02 1.169404E-09
 3.000619E+02 1.138781E-09
 3.058183E+02 1.108654E-09
 3.116851E+02 1.079646E-09
 3.176645E+02 1.051328E-09
 3.237585E+02 1.023837E-09
 3.299695E+02 9.971925E-10
 3.362996E+02 9.712421E-10
 3.427512E+02 9.460777E-10
 3.493265E+02 9.215997E-10
 3.560280E+02 8.978387E-10
 3.628580E+02 8.747341E-10
 3.698190E+02 8.523551E-10
 3.769136E+02 8.304990E-10
 3.841443E+02 8.094057E-10
 3.915137E+02 7.887603E-10
 3.990245E+02 7.688312E-10
 4.066794E+02 7.493777E-10
 4.144811E+02 7.305152E-10
 4.224325E+02 7.121749E-10
 4.305364E+02 6.943218E-10
 4.387958E+02 6.769812E-10
 4.472136E+02 6.601327E-10
 4.557929E+02 6.437431E-10
 4.645368E+02 6.277808E-10
 4.734485E+02 6.123032E-10
 4.825311E+02 5.971884E-10
 4.917879E+02 5.825306E-10
 5.012224E+02 5.682525E-10
 5.108378E+02 5.543462E-10
 5.206377E+02 5.408363E-10
 5.306256E+02 5.276648E-10
 5.408051E+02 5.148500E-10
 5.511798E+02 5.023835E-10
 5.617536E+02 4.902324E-10
 5.725303E+02 4.784068E-10
 5.835137E+02 4.668872E-10
 5.947078E+02 4.556633E-10
 6.061166E+02 4.447307E-10
 6.177443E+02 4.340797E-10
 6.295951E+02 4.236972E-10
 6.416732E+02 4.135751E-10
 6.539831E+02 4.037158E-10
 6.665290E+02 3.940966E-10
 6.793157E+02 3.847182E-10
 6.923477E+02 3.755760E-10
 7.056296E+02 3.666527E-10
 7.191664E+02 3.579498E-10
 7.329628E+02 3.494599E-10
 7.470239E+02 3.411729E-10
 7.613548E+02 3.330846E-10
 7.759606E+02 3.251918E-10
 7.908466E+02 3.174856E-10
 8.060182E+02 3.099596E-10
 8.214808E+02 3.026137E-10
 8.372400E+02 2.954364E-10
 8.533016E+02 2.884264E-10
 8.696713E+02 2.815787E-10
 8.863550E+02 2.748874E-10
 9.033588E+02 2.683505E-10
 9.206888E+02 2.619595E-10
 9.383512E+02 2.557168E-10
 9.563525E+02 2.496109E-10
 9.746991E+02 2.436456E-10
 9.933977E+02 2.378097E-10
 1.012455E+03 2.321062E-10
 1.031878E+03 2.265270E-10
 1.051673E+03 2.210707E-10
 1.071849E+03 2.157362E-10
 1.092411E+03 2.105151E-10
 1.113368E+03 2.054117E-10
 1.134726E+03 2.004148E-10
 1.156495E+03 1.955311E-10
 1.178681E+03 1.907482E-10
 1.201293E+03 1.860728E-10
 1.224338E+03 1.814941E-10
 1.247826E+03 1.770156E-10
 1.271764E+03 1.726332E-10
 1.296162E+03 1.683428E-10
 1.321027E+03 1.641477E-10
 1.346370E+03 1.600376E-10
 1.372198E+03 1.560206E-10
 1.398523E+03 1.520838E-10
 1.425352E+03 1.482363E-10
 1.452696E+03 1.444663E-10
 1.480564E+03 1.407798E-10
 1.508967E+03 1.371705E-10
 1.537915E+03 1.336382E-10
 1.567418E+03 1.301837E-10
 1.597488E+03 1.267998E-10
 1.628134E+03 1.234931E-10
 1.659368E+03 1.202526E-10
 1.691201E+03 1.170871E-10
 1.723645E+03 1.139854E-10
 1.756711E+03 1.109548E-10
 1.790412E+03 1.079872E-10
 1.824759E+03 1.050855E-10
 1.859765E+03 1.022477E-10
 1.895443E+03 9.947073E-11
 1.931805E+03 9.675795E-11
 1.968865E+03 9.410155E-11
 2.006635E+03 9.150852E-11
 2.045130E+03 8.896901E-11
 2.084364E+03 8.649060E-11
 2.124350E+03 8.406474E-11
 2.165104E+03 8.169579E-11
 2.206639E+03 7.938007E-11
 2.248971E+03 7.711707E-11
 2.292115E+03 7.490783E-11
 2.336087E+03 7.274739E-11
 2.380902E+03 7.064045E-11
 2.426578E+03 6.857938E-11
 2.473129E+03 6.657042E-11
 2.520573E+03 6.460614E-11
 2.568928E+03 6.269105E-11
 2.618210E+03 6.082047E-11
 2.668438E+03 5.899565E-11
 2.719629E+03 5.721576E-11
 2.771802E+03 5.547841E-11
 2.824976E+03 5.378592E-11
 2.879170E+03 5.213320E-11
 2.934404E+03 5.052448E-11
 2.990698E+03 4.895374E-11
 3.048071E+03 4.742522E-11
 3.106545E+03 4.593409E-11
 3.166141E+03 4.448227E-11
 3.226880E+03 4.306798E-11
 3.288784E+03 4.169032E-11
 3.351876E+03 4.035003E-11
 3.416178E+03 3.904394E-11
 3.481714E+03 3.777458E-11
 3.548507E+03 3.653751E-11
 3.616581E+03 3.533588E-11
 3.685962E+03 3.416567E-11
 3.756673E+03 3.302875E-11
 3.828741E+03 3.192289E-11
 3.902191E+03 3.084804E-11
 3.977051E+03 2.980393E-11
 4.053346E+03 2.878883E-11
 4.131105E+03 2.780387E-11
 4.210356E+03 2.684616E-11
 4.291128E+03 2.591759E-11
 4.373448E+03 2.501500E-11
 4.457348E+03 2.414011E-11
 4.542858E+03 2.329057E-11
 4.630008E+03 2.246678E-11
 4.718830E+03 2.166792E-11
 4.809355E+03 2.089310E-11
 4.901618E+03 2.014261E-11
 4.995650E+03 1.941461E-11
 5.091486E+03 1.871009E-11
 5.189161E+03 1.802679E-11
 5.288710E+03 1.736586E-11
 5.390168E+03 1.672534E-11
 5.493573E+03 1.610572E-11
 5.598961E+03 1.550594E-11
 5.706372E+03 1.492559E-11
 5.815842E+03 1.436448E-11
 5.927413E+03 1.382152E-11
 6.041124E+03 1.329704E-11
 6.157017E+03 1.278958E-11
 6.275133E+03 1.229970E-11
 6.395515E+03 1.182593E-11
 6.518206E+03 1.136869E-11
 6.643251E+03 1.092692E-11
 6.770695E+03 1.050047E-11
 6.900583E+03 1.008891E-11
 7.032964E+03 9.691614E-12
 7.167884E+03 9.308540E-12
 7.305392E+03 8.938779E-12
 7.445538E+03 8.582505E-12
 7.588373E+03 8.238699E-12
 7.733948E+03 7.907579E-12
 7.882316E+03 7.588285E-12
 8.033530E+03 7.280765E-12
 8.187644E+03 6.984517E-12
 8.344716E+03 6.699185E-12
 8.504800E+03 6.424549E-12
 8.667956E+03 6.160063E-12
 8.834242E+03 5.905673E-12
 9.003717E+03 5.660732E-12
 9.176444E+03 5.425265E-12
 9.352484E+03 5.198642E-12
 9.531902E+03 4.980835E-12
 9.714762E+03 4.771380E-12
 9.901129E+03 4.570061E-12
 1.009107E+04 4.376618E-12
 1.028466E+04 4.190715E-12
 1.048196E+04 4.012204E-12
 1.068304E+04 3.840679E-12
 1.088799E+04 3.676062E-12
 1.109686E+04 3.517930E-12
 1.130974E+04 3.366222E-12
 1.152671E+04 3.220577E-12
 1.174784E+04 3.080856E-12
 1.197321E+04 2.946813E-12
 1.220290E+04 2.818234E-12
 1.243700E+04 2.694955E-12
 1.267559E+04 2.576721E-12
 1.291876E+04 2.463417E-12
 1.316659E+04 2.354774E-12
 1.341918E+04 2.250702E-12
 1.367661E+04 2.150944E-12
 1.393898E+04 2.055404E-12
 1.420639E+04 1.963879E-12
 1.447892E+04 1.876226E-12
 1.475668E+04 1.792302E-12
 1.503978E+04 1.711942E-12
 1.532830E+04 1.635035E-12
 1.562236E+04 1.561408E-12
 1.592205E+04 1.490970E-12
 1.622750E+04 1.423551E-12
 1.653881E+04 1.359070E-12
 1.685609E+04 1.297377E-12
 1.717946E+04 1.238378E-12
 1.750903E+04 1.181958E-12
 1.784492E+04 1.128007E-12
 1.818725E+04 1.076433E-12
 1.853616E+04 1.027124E-12
 1.889175E+04 9.800038E-13
 1.925417E+04 9.349609E-13
 1.962354E+04 8.919287E-13
